# JRE version: Java(TM) SE Runtime Environment (17.0.12+8) (build 17.0.12+8-LTS-286)
# Java VM: Java HotSpot(TM) 64-Bit Server VM (17.0.12+8-LTS-286, mixed mode, sharing, tiered, compressed oops, compressed class ptrs, g1 gc, windows-amd64)
GC Precious Log:
 CPUs: 8 total, 8 available
 Memory: 8029M
 Large Page Support: Disabled
 NUMA Support: Disabled
 Compressed Oops: Enabled (Zero based)
 Heap Region Size: 4M
 Heap Min Capacity: 8M
 Heap Initial Capacity: 128M
 Heap Max Capacity: 8G
 Pre-touch: Disabled
 Parallel Workers: 8
 Concurrent Workers: 2
 Concurrent Refinement Workers: 8
 Periodic GC: Disabled
Heap:
 garbage-first heap   total 548864K, used 380970K [0x0000000600000000, 0x0000000800000000)
  region size 4096K, 1 young (4096K), 1 survivors (4096K)
 Metaspace       used 128501K, committed 130368K, reserved 1179648K
  class space    used 17376K, committed 18240K, reserved 1048576K
GC Heap History (20 events):
Event: 45.408 GC heap after
{Heap after GC invocations=70 (full 0):
 garbage-first heap   total 454656K, used 276480K [0x0000000600000000, 0x0000000800000000)
  region size 4096K, 5 young (20480K), 5 survivors (20480K)
 Metaspace       used 119757K, committed 121344K, reserved 1179648K
  class space    used 16494K, committed 17216K, reserved 1048576K
}
Event: 152.604 GC heap before
{Heap before GC invocations=70 (full 0):
 garbage-first heap   total 454656K, used 366592K [0x0000000600000000, 0x0000000800000000)
  region size 4096K, 27 young (110592K), 5 survivors (20480K)
 Metaspace       used 122096K, committed 123712K, reserved 1179648K
  class space    used 16735K, committed 17472K, reserved 1048576K
}
Event: 152.760 GC heap after
{Heap after GC invocations=71 (full 0):
 garbage-first heap   total 454656K, used 281875K [0x0000000600000000, 0x0000000800000000)
  region size 4096K, 1 young (4096K), 1 survivors (4096K)
 Metaspace       used 122096K, committed 123712K, reserved 1179648K
  class space    used 16735K, committed 17472K, reserved 1048576K
}
Event: 157.042 GC heap before
{Heap before GC invocations=71 (full 0):
 garbage-first heap   total 454656K, used 367891K [0x0000000600000000, 0x0000000800000000)
  region size 4096K, 23 young (94208K), 1 survivors (4096K)
 Metaspace       used 125818K, committed 127424K, reserved 1179648K
  class space    used 17107K, committed 17856K, reserved 1048576K
}
Event: 157.060 GC heap after
{Heap after GC invocations=72 (full 0):
 garbage-first heap   total 454656K, used 284899K [0x0000000600000000, 0x0000000800000000)
  region size 4096K, 2 young (8192K), 2 survivors (8192K)
 Metaspace       used 125818K, committed 127424K, reserved 1179648K
  class space    used 17107K, committed 17856K, reserved 1048576K
}
Event: 159.557 GC heap before
{Heap before GC invocations=72 (full 0):
 garbage-first heap   total 454656K, used 370915K [0x0000000600000000, 0x0000000800000000)
  region size 4096K, 24 young (98304K), 2 survivors (8192K)
 Metaspace       used 126936K, committed 128576K, reserved 1179648K
  class space    used 17245K, committed 17984K, reserved 1048576K
}
Event: 159.577 GC heap after
{Heap after GC invocations=73 (full 0):
 garbage-first heap   total 454656K, used 292768K [0x0000000600000000, 0x0000000800000000)
  region size 4096K, 3 young (12288K), 3 survivors (12288K)
 Metaspace       used 126936K, committed 128576K, reserved 1179648K
  class space    used 17245K, committed 17984K, reserved 1048576K
}
Event: 160.965 GC heap before
{Heap before GC invocations=73 (full 0):
 garbage-first heap   total 454656K, used 374688K [0x0000000600000000, 0x0000000800000000)
  region size 4096K, 23 young (94208K), 3 survivors (12288K)
 Metaspace       used 127092K, committed 128704K, reserved 1179648K
  class space    used 17255K, committed 17984K, reserved 1048576K
}
Event: 160.989 GC heap after
{Heap after GC invocations=74 (full 0):
 garbage-first heap   total 454656K, used 296839K [0x0000000600000000, 0x0000000800000000)
  region size 4096K, 2 young (8192K), 2 survivors (8192K)
 Metaspace       used 127092K, committed 128704K, reserved 1179648K
  class space    used 17255K, committed 17984K, reserved 1048576K
}
Event: 161.496 GC heap before
{Heap before GC invocations=74 (full 0):
 garbage-first heap   total 454656K, used 374663K [0x0000000600000000, 0x0000000800000000)
  region size 4096K, 21 young (86016K), 2 survivors (8192K)
 Metaspace       used 127427K, committed 129216K, reserved 1179648K
  class space    used 17299K, committed 18112K, reserved 1048576K
}
Event: 161.508 GC heap after
{Heap after GC invocations=75 (full 0):
 garbage-first heap   total 548864K, used 306595K [0x0000000600000000, 0x0000000800000000)
  region size 4096K, 3 young (12288K), 3 survivors (12288K)
 Metaspace       used 127427K, committed 129216K, reserved 1179648K
  class space    used 17299K, committed 18112K, reserved 1048576K
}
Event: 162.145 GC heap before
{Heap before GC invocations=75 (full 0):
 garbage-first heap   total 548864K, used 449955K [0x0000000600000000, 0x0000000800000000)
  region size 4096K, 38 young (155648K), 3 survivors (12288K)
 Metaspace       used 127687K, committed 129536K, reserved 1179648K
  class space    used 17343K, committed 18176K, reserved 1048576K
}
Event: 162.162 GC heap after
{Heap after GC invocations=76 (full 0):
 garbage-first heap   total 548864K, used 316555K [0x0000000600000000, 0x0000000800000000)
  region size 4096K, 5 young (20480K), 5 survivors (20480K)
 Metaspace       used 127687K, committed 129536K, reserved 1179648K
  class space    used 17343K, committed 18176K, reserved 1048576K
}
Event: 162.725 GC heap before
{Heap before GC invocations=76 (full 0):
 garbage-first heap   total 548864K, used 451723K [0x0000000600000000, 0x0000000800000000)
  region size 4096K, 38 young (155648K), 5 survivors (20480K)
 Metaspace       used 127823K, committed 129664K, reserved 1179648K
  class space    used 17349K, committed 18176K, reserved 1048576K
}
Event: 162.769 GC heap after
{Heap after GC invocations=77 (full 0):
 garbage-first heap   total 548864K, used 327593K [0x0000000600000000, 0x0000000800000000)
  region size 4096K, 5 young (20480K), 5 survivors (20480K)
 Metaspace       used 127823K, committed 129664K, reserved 1179648K
  class space    used 17349K, committed 18176K, reserved 1048576K
}
Event: 166.726 GC heap before
{Heap before GC invocations=77 (full 0):
 garbage-first heap   total 548864K, used 454569K [0x0000000600000000, 0x0000000800000000)
  region size 4096K, 36 young (147456K), 5 survivors (20480K)
 Metaspace       used 128236K, committed 130112K, reserved 1179648K
  class space    used 17373K, committed 18240K, reserved 1048576K
}
Event: 166.760 GC heap after
{Heap after GC invocations=78 (full 0):
 garbage-first heap   total 548864K, used 343377K [0x0000000600000000, 0x0000000800000000)
  region size 4096K, 5 young (20480K), 5 survivors (20480K)
 Metaspace       used 128236K, committed 130112K, reserved 1179648K
  class space    used 17373K, committed 18240K, reserved 1048576K
}
Event: 167.815 GC heap before
{Heap before GC invocations=78 (full 0):
 garbage-first heap   total 548864K, used 453969K [0x0000000600000000, 0x0000000800000000)
  region size 4096K, 32 young (131072K), 5 survivors (20480K)
 Metaspace       used 128410K, committed 130240K, reserved 1179648K
  class space    used 17374K, committed 18240K, reserved 1048576K
}
Event: 167.906 GC heap after
{Heap after GC invocations=79 (full 0):
 garbage-first heap   total 548864K, used 375932K [0x0000000600000000, 0x0000000800000000)
  region size 4096K, 4 young (16384K), 4 survivors (16384K)
 Metaspace       used 128410K, committed 130240K, reserved 1179648K
  class space    used 17374K, committed 18240K, reserved 1048576K
}
Event: 169.130 GC heap before
{Heap before GC invocations=79 (full 0):
 garbage-first heap   total 548864K, used 449660K [0x0000000600000000, 0x0000000800000000)
  region size 4096K, 22 young (90112K), 4 survivors (16384K)
 Metaspace       used 128501K, committed 130368K, reserved 1179648K
  class space    used 17376K, committed 18240K, reserved 1048576K
}

