# JRE version: Java(TM) SE Runtime Environment (17.0.12+8) (build 17.0.12+8-LTS-286)
# Java VM: Java HotSpot(TM) 64-Bit Server VM (17.0.12+8-LTS-286, mixed mode, sharing, tiered, compressed oops, compressed class ptrs, g1 gc, windows-amd64)
GC Precious Log:
 CPUs: 8 total, 8 available
 Memory: 8029M
 Large Page Support: Disabled
 NUMA Support: Disabled
 Compressed Oops: Enabled (Zero based)
 Heap Region Size: 4M
 Heap Min Capacity: 8M
 Heap Initial Capacity: 128M
 Heap Max Capacity: 8G
 Pre-touch: Disabled
 Parallel Workers: 8
 Concurrent Workers: 2
 Concurrent Refinement Workers: 8
 Periodic GC: Disabled
Heap:
 garbage-first heap   total 856064K, used 400386K [0x0000000600000000, 0x0000000800000000)
  region size 4096K, 1 young (4096K), 1 survivors (4096K)
 Metaspace       used 129825K, committed 131840K, reserved 1179648K
  class space    used 17556K, committed 18496K, reserved 1048576K
GC Heap History (20 events):
Event: 404.927 GC heap after
{Heap after GC invocations=81 (full 0):
 garbage-first heap   total 589824K, used 295852K [0x0000000600000000, 0x0000000800000000)
  region size 4096K, 5 young (20480K), 5 survivors (20480K)
 Metaspace       used 128003K, committed 129728K, reserved 1179648K
  class space    used 17408K, committed 18240K, reserved 1048576K
}
Event: 414.131 GC heap before
{Heap before GC invocations=81 (full 0):
 garbage-first heap   total 589824K, used 476076K [0x0000000600000000, 0x0000000800000000)
  region size 4096K, 49 young (200704K), 5 survivors (20480K)
 Metaspace       used 128586K, committed 130496K, reserved 1179648K
  class space    used 17497K, committed 18432K, reserved 1048576K
}
Event: 415.063 GC heap after
{Heap after GC invocations=82 (full 0):
 garbage-first heap   total 589824K, used 310475K [0x0000000600000000, 0x0000000800000000)
  region size 4096K, 7 young (28672K), 7 survivors (28672K)
 Metaspace       used 128586K, committed 130496K, reserved 1179648K
  class space    used 17497K, committed 18432K, reserved 1048576K
}
Event: 415.973 GC heap before
{Heap before GC invocations=82 (full 0):
 garbage-first heap   total 589824K, used 314571K [0x0000000600000000, 0x0000000800000000)
  region size 4096K, 8 young (32768K), 7 survivors (28672K)
 Metaspace       used 128603K, committed 130496K, reserved 1179648K
  class space    used 17497K, committed 18432K, reserved 1048576K
}
Event: 416.029 GC heap after
{Heap after GC invocations=83 (full 0):
 garbage-first heap   total 589824K, used 314439K [0x0000000600000000, 0x0000000800000000)
  region size 4096K, 1 young (4096K), 1 survivors (4096K)
 Metaspace       used 128603K, committed 130496K, reserved 1179648K
  class space    used 17497K, committed 18432K, reserved 1048576K
}
Event: 416.377 GC heap before
{Heap before GC invocations=83 (full 0):
 garbage-first heap   total 589824K, used 363591K [0x0000000600000000, 0x0000000800000000)
  region size 4096K, 13 young (53248K), 1 survivors (4096K)
 Metaspace       used 128631K, committed 130560K, reserved 1179648K
  class space    used 17499K, committed 18432K, reserved 1048576K
}
Event: 416.383 GC heap after
{Heap after GC invocations=84 (full 0):
 garbage-first heap   total 856064K, used 314599K [0x0000000600000000, 0x0000000800000000)
  region size 4096K, 2 young (8192K), 2 survivors (8192K)
 Metaspace       used 128631K, committed 130560K, reserved 1179648K
  class space    used 17499K, committed 18432K, reserved 1048576K
}
Event: 417.087 GC heap before
{Heap before GC invocations=84 (full 0):
 garbage-first heap   total 856064K, used 392423K [0x0000000600000000, 0x0000000800000000)
  region size 4096K, 21 young (86016K), 2 survivors (8192K)
 Metaspace       used 128673K, committed 130560K, reserved 1179648K
  class space    used 17501K, committed 18432K, reserved 1048576K
}
Event: 417.094 GC heap after
{Heap after GC invocations=85 (full 0):
 garbage-first heap   total 856064K, used 319662K [0x0000000600000000, 0x0000000800000000)
  region size 4096K, 3 young (12288K), 3 survivors (12288K)
 Metaspace       used 128673K, committed 130560K, reserved 1179648K
  class space    used 17501K, committed 18432K, reserved 1048576K
}
Event: 418.003 GC heap before
{Heap before GC invocations=85 (full 0):
 garbage-first heap   total 856064K, used 417966K [0x0000000600000000, 0x0000000800000000)
  region size 4096K, 27 young (110592K), 3 survivors (12288K)
 Metaspace       used 128791K, committed 130688K, reserved 1179648K
  class space    used 17504K, committed 18432K, reserved 1048576K
}
Event: 418.021 GC heap after
{Heap after GC invocations=86 (full 0):
 garbage-first heap   total 856064K, used 327317K [0x0000000600000000, 0x0000000800000000)
  region size 4096K, 4 young (16384K), 4 survivors (16384K)
 Metaspace       used 128791K, committed 130688K, reserved 1179648K
  class space    used 17504K, committed 18432K, reserved 1048576K
}
Event: 421.655 GC heap before
{Heap before GC invocations=86 (full 0):
 garbage-first heap   total 856064K, used 454293K [0x0000000600000000, 0x0000000800000000)
  region size 4096K, 35 young (143360K), 4 survivors (16384K)
 Metaspace       used 129054K, committed 131008K, reserved 1179648K
  class space    used 17521K, committed 18432K, reserved 1048576K
}
Event: 421.690 GC heap after
{Heap after GC invocations=87 (full 0):
 garbage-first heap   total 856064K, used 336736K [0x0000000600000000, 0x0000000800000000)
  region size 4096K, 5 young (20480K), 5 survivors (20480K)
 Metaspace       used 129054K, committed 131008K, reserved 1179648K
  class space    used 17521K, committed 18432K, reserved 1048576K
}
Event: 427.387 GC heap before
{Heap before GC invocations=87 (full 0):
 garbage-first heap   total 856064K, used 504672K [0x0000000600000000, 0x0000000800000000)
  region size 4096K, 46 young (188416K), 5 survivors (20480K)
 Metaspace       used 129216K, committed 131200K, reserved 1179648K
  class space    used 17528K, committed 18496K, reserved 1048576K
}
Event: 427.423 GC heap after
{Heap after GC invocations=88 (full 0):
 garbage-first heap   total 856064K, used 348461K [0x0000000600000000, 0x0000000800000000)
  region size 4096K, 6 young (24576K), 6 survivors (24576K)
 Metaspace       used 129216K, committed 131200K, reserved 1179648K
  class space    used 17528K, committed 18496K, reserved 1048576K
}
Event: 429.148 GC heap before
{Heap before GC invocations=88 (full 0):
 garbage-first heap   total 856064K, used 577837K [0x0000000600000000, 0x0000000800000000)
  region size 4096K, 62 young (253952K), 6 survivors (24576K)
 Metaspace       used 129414K, committed 131392K, reserved 1179648K
  class space    used 17534K, committed 18496K, reserved 1048576K
}
Event: 429.182 GC heap after
{Heap after GC invocations=89 (full 0):
 garbage-first heap   total 856064K, used 366845K [0x0000000600000000, 0x0000000800000000)
  region size 4096K, 8 young (32768K), 8 survivors (32768K)
 Metaspace       used 129414K, committed 131392K, reserved 1179648K
  class space    used 17534K, committed 18496K, reserved 1048576K
}
Event: 431.924 GC heap before
{Heap before GC invocations=89 (full 0):
 garbage-first heap   total 856064K, used 616701K [0x0000000600000000, 0x0000000800000000)
  region size 4096K, 69 young (282624K), 8 survivors (32768K)
 Metaspace       used 129824K, committed 131840K, reserved 1179648K
  class space    used 17556K, committed 18496K, reserved 1048576K
}
Event: 433.383 GC heap after
{Heap after GC invocations=90 (full 0):
 garbage-first heap   total 856064K, used 394979K [0x0000000600000000, 0x0000000800000000)
  region size 4096K, 9 young (36864K), 9 survivors (36864K)
 Metaspace       used 129824K, committed 131840K, reserved 1179648K
  class space    used 17556K, committed 18496K, reserved 1048576K
}
Event: 433.478 GC heap before
{Heap before GC invocations=90 (full 0):
 garbage-first heap   total 856064K, used 399074K [0x0000000600000000, 0x0000000800000000)
  region size 4096K, 10 young (40960K), 9 survivors (36864K)
 Metaspace       used 129825K, committed 131840K, reserved 1179648K
  class space    used 17556K, committed 18496K, reserved 1048576K
}

