# JRE version: Java(TM) SE Runtime Environment (17.0.12+8) (build 17.0.12+8-LTS-286)
# Java VM: Java HotSpot(TM) 64-Bit Server VM (17.0.12+8-LTS-286, mixed mode, sharing, tiered, compressed oops, compressed class ptrs, g1 gc, windows-amd64)
GC Precious Log:
 CPUs: 8 total, 8 available
 Memory: 8029M
 Large Page Support: Disabled
 NUMA Support: Disabled
 Compressed Oops: Enabled (Zero based)
 Heap Region Size: 4M
 Heap Min Capacity: 8M
 Heap Initial Capacity: 128M
 Heap Max Capacity: 8G
 Pre-touch: Disabled
 Parallel Workers: 8
 Concurrent Workers: 2
 Concurrent Refinement Workers: 8
 Periodic GC: Disabled
Heap:
 garbage-first heap   total 1462272K, used 408203K [0x0000000600000000, 0x0000000800000000)
  region size 4096K, 2 young (8192K), 2 survivors (8192K)
 Metaspace       used 125266K, committed 128000K, reserved 1179648K
  class space    used 16432K, committed 17728K, reserved 1048576K
GC Heap History (20 events):
Event: 52.925 GC heap after
{Heap after GC invocations=61 (full 0):
 garbage-first heap   total 1462272K, used 322754K [0x0000000600000000, 0x0000000800000000)
  region size 4096K, 8 young (32768K), 8 survivors (32768K)
 Metaspace       used 121114K, committed 123264K, reserved 1179648K
  class space    used 16054K, committed 17024K, reserved 1048576K
}
Event: 58.311 GC heap before
{Heap before GC invocations=61 (full 0):
 garbage-first heap   total 1462272K, used 1166530K [0x0000000600000000, 0x0000000800000000)
  region size 4096K, 214 young (876544K), 8 survivors (32768K)
 Metaspace       used 121780K, committed 123904K, reserved 1179648K
  class space    used 16056K, committed 17024K, reserved 1048576K
}
Event: 58.327 GC heap after
{Heap after GC invocations=62 (full 0):
 garbage-first heap   total 1462272K, used 317290K [0x0000000600000000, 0x0000000800000000)
  region size 4096K, 7 young (28672K), 7 survivors (28672K)
 Metaspace       used 121780K, committed 123904K, reserved 1179648K
  class space    used 16056K, committed 17024K, reserved 1048576K
}
Event: 728.434 GC heap before
{Heap before GC invocations=62 (full 0):
 garbage-first heap   total 1462272K, used 1165162K [0x0000000600000000, 0x0000000800000000)
  region size 4096K, 214 young (876544K), 7 survivors (28672K)
 Metaspace       used 122319K, committed 124416K, reserved 1179648K
  class space    used 16063K, committed 17024K, reserved 1048576K
}
Event: 728.541 GC heap after
{Heap after GC invocations=63 (full 0):
 garbage-first heap   total 1462272K, used 306591K [0x0000000600000000, 0x0000000800000000)
  region size 4096K, 4 young (16384K), 4 survivors (16384K)
 Metaspace       used 122319K, committed 124416K, reserved 1179648K
  class space    used 16063K, committed 17024K, reserved 1048576K
}
Event: 751.456 GC heap before
{Heap before GC invocations=63 (full 0):
 garbage-first heap   total 1462272K, used 1166751K [0x0000000600000000, 0x0000000800000000)
  region size 4096K, 214 young (876544K), 4 survivors (16384K)
 Metaspace       used 122875K, committed 125056K, reserved 1179648K
  class space    used 16064K, committed 17024K, reserved 1048576K
}
Event: 751.538 GC heap after
{Heap after GC invocations=64 (full 0):
 garbage-first heap   total 1462272K, used 302366K [0x0000000600000000, 0x0000000800000000)
  region size 4096K, 3 young (12288K), 3 survivors (12288K)
 Metaspace       used 122875K, committed 125056K, reserved 1179648K
  class space    used 16064K, committed 17024K, reserved 1048576K
}
Event: 769.913 GC heap before
{Heap before GC invocations=64 (full 0):
 garbage-first heap   total 1462272K, used 1166622K [0x0000000600000000, 0x0000000800000000)
  region size 4096K, 214 young (876544K), 3 survivors (12288K)
 Metaspace       used 125087K, committed 127936K, reserved 1179648K
  class space    used 16425K, committed 17728K, reserved 1048576K
}
Event: 770.228 GC heap after
{Heap after GC invocations=65 (full 0):
 garbage-first heap   total 1462272K, used 350099K [0x0000000600000000, 0x0000000800000000)
  region size 4096K, 15 young (61440K), 15 survivors (61440K)
 Metaspace       used 125087K, committed 127936K, reserved 1179648K
  class space    used 16425K, committed 17728K, reserved 1048576K
}
Event: 771.028 GC heap before
{Heap before GC invocations=65 (full 0):
 garbage-first heap   total 1462272K, used 382867K [0x0000000600000000, 0x0000000800000000)
  region size 4096K, 23 young (94208K), 15 survivors (61440K)
 Metaspace       used 125087K, committed 127936K, reserved 1179648K
  class space    used 16425K, committed 17728K, reserved 1048576K
}
Event: 771.936 GC heap after
{Heap after GC invocations=66 (full 0):
 garbage-first heap   total 1462272K, used 357301K [0x0000000600000000, 0x0000000800000000)
  region size 4096K, 2 young (8192K), 2 survivors (8192K)
 Metaspace       used 125087K, committed 127936K, reserved 1179648K
  class space    used 16425K, committed 17728K, reserved 1048576K
}
Event: 777.739 GC heap before
{Heap before GC invocations=66 (full 0):
 garbage-first heap   total 1462272K, used 492469K [0x0000000600000000, 0x0000000800000000)
  region size 4096K, 35 young (143360K), 2 survivors (8192K)
 Metaspace       used 125209K, committed 128000K, reserved 1179648K
  class space    used 16431K, committed 17728K, reserved 1048576K
}
Event: 777.763 GC heap after
{Heap after GC invocations=67 (full 0):
 garbage-first heap   total 1462272K, used 363723K [0x0000000600000000, 0x0000000800000000)
  region size 4096K, 4 young (16384K), 4 survivors (16384K)
 Metaspace       used 125209K, committed 128000K, reserved 1179648K
  class space    used 16431K, committed 17728K, reserved 1048576K
}
Event: 781.316 GC heap before
{Heap before GC invocations=67 (full 0):
 garbage-first heap   total 1462272K, used 498891K [0x0000000600000000, 0x0000000800000000)
  region size 4096K, 37 young (151552K), 4 survivors (16384K)
 Metaspace       used 125238K, committed 128000K, reserved 1179648K
  class space    used 16432K, committed 17728K, reserved 1048576K
}
Event: 781.779 GC heap after
{Heap after GC invocations=68 (full 0):
 garbage-first heap   total 1462272K, used 380659K [0x0000000600000000, 0x0000000800000000)
  region size 4096K, 5 young (20480K), 5 survivors (20480K)
 Metaspace       used 125238K, committed 128000K, reserved 1179648K
  class space    used 16432K, committed 17728K, reserved 1048576K
}
Event: 782.658 GC heap before
{Heap before GC invocations=68 (full 0):
 garbage-first heap   total 1462272K, used 429811K [0x0000000600000000, 0x0000000800000000)
  region size 4096K, 17 young (69632K), 5 survivors (20480K)
 Metaspace       used 125241K, committed 128000K, reserved 1179648K
  class space    used 16432K, committed 17728K, reserved 1048576K
}
Event: 782.996 GC heap after
{Heap after GC invocations=69 (full 0):
 garbage-first heap   total 1462272K, used 391947K [0x0000000600000000, 0x0000000800000000)
  region size 4096K, 3 young (12288K), 3 survivors (12288K)
 Metaspace       used 125241K, committed 128000K, reserved 1179648K
  class space    used 16432K, committed 17728K, reserved 1048576K
}
Event: 786.055 GC heap before
{Heap before GC invocations=69 (full 0):
 garbage-first heap   total 1462272K, used 449291K [0x0000000600000000, 0x0000000800000000)
  region size 4096K, 17 young (69632K), 3 survivors (12288K)
 Metaspace       used 125261K, committed 128000K, reserved 1179648K
  class space    used 16432K, committed 17728K, reserved 1048576K
}
Event: 786.384 GC heap after
{Heap after GC invocations=70 (full 0):
 garbage-first heap   total 1462272K, used 402600K [0x0000000600000000, 0x0000000800000000)
  region size 4096K, 3 young (12288K), 3 survivors (12288K)
 Metaspace       used 125261K, committed 128000K, reserved 1179648K
  class space    used 16432K, committed 17728K, reserved 1048576K
}
Event: 803.604 GC heap before
{Heap before GC invocations=70 (full 0):
 garbage-first heap   total 1462272K, used 459944K [0x0000000600000000, 0x0000000800000000)
  region size 4096K, 17 young (69632K), 3 survivors (12288K)
 Metaspace       used 125266K, committed 128000K, reserved 1179648K
  class space    used 16432K, committed 17728K, reserved 1048576K
}

